<?xml version="1.0" encoding="UTF-8"?>
<!-- Generated by org.testng.reporters.JUnitXMLReporter -->
<testsuite ignored="0" hostname="Vasunthras-MacBook-Pro.local" failures="1" tests="1" name="Gradle test" time="27.847" errors="0" timestamp="2024-06-13T10:34:22 IST">
  <testcase classname="com.herokuapp.theinternet.Base.Base" name="@AfterMethod afterEachTestMethod" time="0.914">
    <failure type="java.io.FileNotFoundException" message="/Users/vasunthra/Documents/AutomationTest/screenshots/20240613103416.png (No such file or directory)">
      <![CDATA[java.io.FileNotFoundException: /Users/vasunthra/Documents/AutomationTest/screenshots/20240613103416.png (No such file or directory)
at java.base/java.io.FileOutputStream.open0(Native Method)
at java.base/java.io.FileOutputStream.open(FileOutputStream.java:298)
at java.base/java.io.FileOutputStream.<init>(FileOutputStream.java:237)
at java.base/java.io.FileOutputStream.<init>(FileOutputStream.java:187)
at org.openqa.selenium.io.FileHandler.copyFile(FileHandler.java:136)
at org.openqa.selenium.io.FileHandler.copy(FileHandler.java:115)
at com.herokuapp.theinternet.Base.Base.captureScreenshot(Base.java:90)
at com.herokuapp.theinternet.Base.Base.afterEachTestMethod(Base.java:70)
at java.base/java.util.ArrayList.forEach(ArrayList.java:1541)
at com.sun.proxy.$Proxy2.stop(Unknown Source)
at java.base/java.util.concurrent.ThreadPoolExecutor.runWorker(ThreadPoolExecutor.java:1128)
at java.base/java.util.concurrent.ThreadPoolExecutor$Worker.run(ThreadPoolExecutor.java:628)
at java.base/java.lang.Thread.run(Thread.java:829)
... Removed 53 stack frames]]>
    </failure>
  </testcase> <!-- @AfterMethod afterEachTestMethod -->
  <testcase classname="com.herokuapp.theinternet.PageTests.BasicAuthTest" name="verifyBasicAuth" time="10.659">
    <failure type="org.openqa.selenium.JavascriptException" message="A JavaScript exception occured: Unexpected token &amp;apos;:&amp;apos;
Build info: version: &amp;apos;4.4.0&amp;apos;, revision: &amp;apos;e5c75ed026a&amp;apos;
System info: host: &amp;apos;Vasunthras-MacBook-Pro.local&amp;apos;, ip: &amp;apos;fe80:0:0:0:cf:8ae7:7d2e:6cb3%en0&amp;apos;, os.name: &amp;apos;Mac OS X&amp;apos;, os.arch: &amp;apos;x86_64&amp;apos;, os.version: &amp;apos;14.5&amp;apos;, java.version: &amp;apos;11.0.14.1&amp;apos;
Driver info: org.openqa.selenium.safari.SafariDriver
Command: [F07555BA-9E86-4694-A9B4-69ABB28817BE, executeScript {script=browserstack_executor: {&amp;quot;action&amp;quot;: &amp;quot;sendBasicAuth&amp;quot;, &amp;quot;arguments&amp;quot;: {&amp;quot;username&amp;quot;:&amp;quot;&amp;lt;admin&amp;gt;&amp;quot;, &amp;quot;password&amp;quot;: &amp;quot;&amp;lt;admin&amp;gt;&amp;quot;, &amp;quot;timeout&amp;quot;: &amp;quot;&amp;lt;3000&amp;gt;&amp;quot;}}, args=[]}]
Capabilities {acceptInsecureCerts: false, browserName: Safari, browserVersion: 17.5, platformName: MAC, safari:automaticInspection: false, safari:automaticProfiling: false, safari:diagnose: false, safari:platformBuildVersion: 23F79, safari:platformVersion: 14.5, safari:useSimulator: false, setWindowRect: true, strictFileInteractability: false, webkit:WebRTC: {DisableICECandidateFiltering: false, DisableInsecureMediaCapture: false}}
Session ID: F07555BA-9E86-4694-A9B4-69ABB28817BE">
      <![CDATA[org.openqa.selenium.JavascriptException: A JavaScript exception occured: Unexpected token ':'
Build info: version: '4.4.0', revision: 'e5c75ed026a'
System info: host: 'Vasunthras-MacBook-Pro.local', ip: 'fe80:0:0:0:cf:8ae7:7d2e:6cb3%en0', os.name: 'Mac OS X', os.arch: 'x86_64', os.version: '14.5', java.version: '11.0.14.1'
Driver info: org.openqa.selenium.safari.SafariDriver
Command: [F07555BA-9E86-4694-A9B4-69ABB28817BE, executeScript {script=browserstack_executor: {"action": "sendBasicAuth", "arguments": {"username":"<admin>", "password": "<admin>", "timeout": "<3000>"}}, args=[]}]
Capabilities {acceptInsecureCerts: false, browserName: Safari, browserVersion: 17.5, platformName: MAC, safari:automaticInspection: false, safari:automaticProfiling: false, safari:diagnose: false, safari:platformBuildVersion: 23F79, safari:platformVersion: 14.5, safari:useSimulator: false, setWindowRect: true, strictFileInteractability: false, webkit:WebRTC: {DisableICECandidateFiltering: false, DisableInsecureMediaCapture: false}}
Session ID: F07555BA-9E86-4694-A9B4-69ABB28817BE
at org.openqa.selenium.remote.codec.w3c.W3CHttpResponseCodec.createException(W3CHttpResponseCodec.java:200)
at org.openqa.selenium.remote.codec.w3c.W3CHttpResponseCodec.decode(W3CHttpResponseCodec.java:133)
at org.openqa.selenium.remote.codec.w3c.W3CHttpResponseCodec.decode(W3CHttpResponseCodec.java:53)
at org.openqa.selenium.remote.HttpCommandExecutor.execute(HttpCommandExecutor.java:184)
at org.openqa.selenium.remote.service.DriverCommandExecutor.invokeExecute(DriverCommandExecutor.java:167)
at org.openqa.selenium.remote.service.DriverCommandExecutor.execute(DriverCommandExecutor.java:142)
at org.openqa.selenium.remote.RemoteWebDriver.execute(RemoteWebDriver.java:547)
at org.openqa.selenium.remote.RemoteWebDriver.executeScript(RemoteWebDriver.java:481)
at com.herokuapp.theinternet.pages.BasePage.authenticates(BasePage.java:47)
at com.herokuapp.theinternet.pages.BasicAuthPage.login(BasicAuthPage.java:20)
at com.herokuapp.theinternet.PageTests.BasicAuthTest.verifyBasicAuth(BasicAuthTest.java:18)
at java.base/java.util.ArrayList.forEach(ArrayList.java:1541)
at com.sun.proxy.$Proxy2.stop(Unknown Source)
at java.base/java.util.concurrent.ThreadPoolExecutor.runWorker(ThreadPoolExecutor.java:1128)
at java.base/java.util.concurrent.ThreadPoolExecutor$Worker.run(ThreadPoolExecutor.java:628)
at java.base/java.lang.Thread.run(Thread.java:829)
... Removed 52 stack frames]]>
    </failure>
  </testcase> <!-- verifyBasicAuth -->
</testsuite> <!-- Gradle test -->
